12017-07-22 07:26:5812017-07-22 07:27:33
1
2017-07-22 07:30:00
1
2017-07-22 07:30:32
1
2017-07-22 07:31:43
Google Login
2017-07-22 07:32:06
Google Login
2017-07-22 07:32:24
Facebook Login
1
2017-07-22 08:51:33
Facebook Login
1
2017-07-22 08:53:44
Facebook Login
1
2017-07-22 08:55:04
Facebook Login
1
2017-07-22 09:05:17
Facebook Login
1
2017-07-22 09:06:57
Facebook Login
1
2017-07-22 09:12:16
Facebook Login
1
Array
(
    [file] => Array
        (
            [name] => hello.jpg
            [type] => 
            [tmp_name] => 
            [error] => 1
            [size] => 0
        )

)

Array
(
    [file] => Array
        (
            [name] => hello.jpg
            [type] => 
            [tmp_name] => 
            [error] => 1
            [size] => 0
        )

)

Array
(
    [file] => Array
        (
            [name] => hello.jpg
            [type] => 
            [tmp_name] => 
            [error] => 1
            [size] => 0
        )

)

Array
(
    [file] => Array
        (
            [name] => hello.jpg
            [type] => 
            [tmp_name] => 
            [error] => 1
            [size] => 0
        )

)

Array
(
    [file] => Array
        (
            [name] => hello.jpg
            [type] => image/jpg
            [tmp_name] => /tmp/phpLJQu63
            [error] => 0
            [size] => 8112955
        )

)

Array
(
    [file] => Array
        (
            [name] => hello.jpg
            [type] => image/jpg
            [tmp_name] => /tmp/phpGFpLIR
            [error] => 0
            [size] => 6581432
        )

)

Array
(
    [file] => Array
        (
            [name] => hello.jpg
            [type] => image/jpg
            [tmp_name] => /tmp/phpT8kDk8
            [error] => 0
            [size] => 6209998
        )

)

Array
(
    [file] => Array
        (
            [name] => hello.jpg
            [type] => image/jpg
            [tmp_name] => /tmp/phpr4dTma
            [error] => 0
            [size] => 3253337
        )

)

Array
(
    [file] => Array
        (
            [name] => hello.jpg
            [type] => image/jpg
            [tmp_name] => /tmp/phphjIcTJ
            [error] => 0
            [size] => 3253337
        )

)

2017-07-27 09:23:46
Google Login
2017-07-27 09:24:37
Google Login
2017-07-27 10:38:23
Facebook Login
success
Array
(
    [nickname] => she fall
    [dob] => 2017-07-31
    [gender] => male
)

Array
(
    [nickname] => ttttw
    [dob] => 2017-02-28
    [gender] => male
)

Array
(
    [file] => Array
        (
            [name] => hello.jpg
            [type] => image/jpg
            [tmp_name] => /tmp/phprBtThH
            [error] => 0
            [size] => 3754679
        )

)

Array
(
    [file] => Array
        (
            [name] => hello.jpg
            [type] => image/jpg
            [tmp_name] => /tmp/phpOWuohg
            [error] => 0
            [size] => 480805
        )

)

Array
(
    [file] => Array
        (
            [name] => hello.jpg
            [type] => image/jpg
            [tmp_name] => /tmp/phpHVp6vX
            [error] => 0
            [size] => 3754679
        )

)

Array
(
    [file] => Array
        (
            [name] => hello.jpg
            [type] => image/jpg
            [tmp_name] => /tmp/phptKW1hM
            [error] => 0
            [size] => 534284
        )

)

Array
(
    [file] => Array
        (
            [name] => hello.jpg
            [type] => image/jpg
            [tmp_name] => /tmp/phpJZdm6H
            [error] => 0
            [size] => 3754679
        )

)

Array
(
    [file] => Array
        (
            [name] => hello.jpg
            [type] => image/jpg
            [tmp_name] => /tmp/phpXPkA9H
            [error] => 0
            [size] => 3754679
        )

)

Array
(
    [file] => Array
        (
            [name] => hello.jpg
            [type] => image/jpg
            [tmp_name] => /tmp/phpEMjgEe
            [error] => 0
            [size] => 534284
        )

)

Array
(
    [file] => Array
        (
            [name] => hello.jpg
            [type] => image/jpg
            [tmp_name] => /tmp/phpHa0Vyc
            [error] => 0
            [size] => 139775
        )

)

Array
(
    [file] => Array
        (
            [name] => hello.jpg
            [type] => image/jpg
            [tmp_name] => /tmp/phpq6sXO3
            [error] => 0
            [size] => 3754679
        )

)

Array
(
    [file] => Array
        (
            [name] => hello.jpg
            [type] => image/jpg
            [tmp_name] => /tmp/phppJBcyd
            [error] => 0
            [size] => 3754679
        )

)

Array
(
    [file] => Array
        (
            [name] => hello.jpg
            [type] => image/jpg
            [tmp_name] => /tmp/phpqlRuyK
            [error] => 0
            [size] => 3754679
        )

)

Array
(
    [file] => Array
        (
            [name] => hello.jpg
            [type] => image/jpg
            [tmp_name] => /tmp/php8X954d
            [error] => 0
            [size] => 480805
        )

)

Array
(
    [file] => Array
        (
            [name] => hello.jpg
            [type] => image/jpg
            [tmp_name] => /tmp/phppHhcR9
            [error] => 0
            [size] => 23645
        )

)

Array
(
    [file] => Array
        (
            [name] => hello.jpg
            [type] => image/jpg
            [tmp_name] => /tmp/phplKmmRt
            [error] => 0
            [size] => 534284
        )

)

2017-08-02 02:38:54
Google Login
Array
(
    [nickname] => Testing
    [dob] => 1991-01-01
    [gender] => male
)

2017-08-02 04:44:39
Google Login
2017-08-02 04:45:19
Google Login
2017-08-03 04:46:36
Google Login
Array
(
    [file] => Array
        (
            [name] => hello.jpg
            [type] => image/jpg
            [tmp_name] => /tmp/phpjvQpXW
            [error] => 0
            [size] => 1013892
        )

)

2017-08-05 02:11:16
Google Login
Array
(
    [nickname] => hahaha
    [dob] => 1969-05-05
    [gender] => male
)

Array
(
    [nickname] => haha
    [dob] => 2013-08-05
    [gender] => male
)

2017-08-05 04:01:22
Google Login
2017-08-05 05:35:15
Google Login
2017-08-06 07:46:11
Google Login
2017-08-06 07:46:42
Google Login
2017-08-07 03:20:26
Google Login
Array
(
    [nickname] => Jason Chiu
    [dob] => 1991-09-10
    [gender] => male
)

2017-08-07 10:19:26
Google Login
2017-08-09 04:48:12
Google Login
2017-08-09 05:02:21
Google Login
2017-08-09 09:19:13
Google Login
2017-08-09 10:54:44
Google Login
2017-08-09 11:36:23
Google Login
2017-08-10 11:25:38
Google Login
2017-08-10 11:37:50
Google Login
2017-08-11 09:15:56
Google Login
2017-08-11 10:14:10
Google Login
2017-08-11 12:34:26
Google Login
2017-08-11 12:35:29
Google Login
2017-08-11 14:30:45
Google Login
2017-08-12 15:21:32
Google Login
2017-08-12 15:42:53
Google Login
2017-08-12 15:43:38
Google Login
2017-08-14 07:22:53
Google Login
2017-08-17 11:14:08
Google Login
Array
(
    [nickname] => hi
    [dob] => 1991-01-07
    [gender] => male
)

Array
(
    [nickname] => Bella
    [dob] => 1999-05-23
    [gender] => female
)

Array
(
    [file] => Array
        (
            [name] => hello.jpg
            [type] => image/jpg
            [tmp_name] => /tmp/phpF6ZH7b
            [error] => 0
            [size] => 628277
        )

)

Array
(
    [nickname] => Joyce
    [dob] => 1998-10-26
    [gender] => female
)

Array
(
    [file] => Array
        (
            [name] => hello.jpg
            [type] => image/jpg
            [tmp_name] => /tmp/phpaTvgLb
            [error] => 0
            [size] => 768413
        )

)

Array
(
    [nickname] => Lucy
    [dob] => 1999-12-14
    [gender] => female
)

Array
(
    [file] => Array
        (
            [name] => hello.jpg
            [type] => image/jpg
            [tmp_name] => /tmp/phpAvk0iX
            [error] => 0
            [size] => 537005
        )

)

Array
(
    [nickname] => Charlie
    [dob] => 1995-09-08
    [gender] => female
)

Array
(
    [file] => Array
        (
            [name] => hello.jpg
            [type] => image/jpg
            [tmp_name] => /tmp/phpkJvTkc
            [error] => 0
            [size] => 515235
        )

)

Array
(
    [nickname] => Michelle
    [dob] => 1996-05-30
    [gender] => female
)

Array
(
    [file] => Array
        (
            [name] => hello.jpg
            [type] => image/jpg
            [tmp_name] => /tmp/phpFW80Qm
            [error] => 0
            [size] => 528730
        )

)

2017-08-29 04:00:13
Google Login
2017-08-31 09:21:40
Google Login
Array
(
    [file] => Array
        (
            [name] => hello.jpg
            [type] => image/jpg
            [tmp_name] => /tmp/php6TR2Ap
            [error] => 0
            [size] => 691178
        )

)

2017-09-09 06:32:10
Google Login
Array
(
    [nickname] => lawrence
    [dob] => 2017-11-11
    [gender] => female
)

Array
(
    [file] => Array
        (
            [name] => hello.jpg
            [type] => image/jpg
            [tmp_name] => /tmp/phpfPP8to
            [error] => 0
            [size] => 849416
        )

)

Array
(
    [nickname] => Alvin
    [dob] => 1995-09-25
    [gender] => female
)

2017-09-25 07:23:21
Facebook Login
success
Array
(
    [nickname] => gigi
    [dob] => 1992-04-02
    [gender] => female
)

Array
(
    [file] => Array
        (
            [name] => hello.jpg
            [type] => image/jpg
            [tmp_name] => /tmp/phpy1skGY
            [error] => 0
            [size] => 848299
        )

)

Array
(
    [file] => Array
        (
            [name] => hello.jpg
            [type] => image/jpg
            [tmp_name] => /tmp/phpE4RXEs
            [error] => 0
            [size] => 565858
        )

)

Array
(
    [file] => Array
        (
            [name] => hello.jpg
            [type] => 
            [tmp_name] => 
            [error] => 3
            [size] => 0
        )

)

Array
(
    [file] => Array
        (
            [name] => hello.jpg
            [type] => image/jpg
            [tmp_name] => /tmp/php7gspRl
            [error] => 0
            [size] => 1028490
        )

)

Array
(
    [file] => Array
        (
            [name] => hello.jpg
            [type] => image/jpg
            [tmp_name] => /tmp/phpfB8yBi
            [error] => 0
            [size] => 848638
        )

)

Array
(
    [file] => Array
        (
            [name] => hello.jpg
            [type] => image/jpg
            [tmp_name] => /tmp/phpFuLIYJ
            [error] => 0
            [size] => 1321063
        )

)

Array
(
    [file] => Array
        (
            [name] => hello.jpg
            [type] => image/jpg
            [tmp_name] => /tmp/phpL0p6P3
            [error] => 0
            [size] => 1008023
        )

)

Array
(
    [file] => Array
        (
            [name] => hello.jpg
            [type] => image/jpg
            [tmp_name] => /tmp/phpkckPAh
            [error] => 0
            [size] => 1321063
        )

)

Array
(
    [file] => Array
        (
            [name] => hello.jpg
            [type] => image/jpg
            [tmp_name] => /tmp/phpcjRKZn
            [error] => 0
            [size] => 1028490
        )

)

Array
(
    [file] => Array
        (
            [name] => hello.jpg
            [type] => image/jpg
            [tmp_name] => /tmp/phpshY3ho
            [error] => 0
            [size] => 1008023
        )

)

Array
(
    [file] => Array
        (
            [name] => hello.jpg
            [type] => image/jpg
            [tmp_name] => /tmp/phprKuDUt
            [error] => 0
            [size] => 1028490
        )

)

Array
(
    [file] => Array
        (
            [name] => hello.jpg
            [type] => image/jpg
            [tmp_name] => /tmp/phppenBE6
            [error] => 0
            [size] => 848638
        )

)

Array
(
    [file] => Array
        (
            [name] => hello.jpg
            [type] => image/jpg
            [tmp_name] => /tmp/phpoqWyzd
            [error] => 0
            [size] => 1013892
        )

)

Array
(
    [file] => Array
        (
            [name] => hello.jpg
            [type] => image/jpg
            [tmp_name] => /tmp/php5X3gMm
            [error] => 0
            [size] => 1321063
        )

)

Array
(
    [file] => Array
        (
            [name] => hello.jpg
            [type] => image/jpg
            [tmp_name] => /tmp/php1T5wRb
            [error] => 0
            [size] => 1321063
        )

)

Array
(
    [file] => Array
        (
            [name] => hello.jpg
            [type] => image/jpg
            [tmp_name] => /tmp/phpHLqASL
            [error] => 0
            [size] => 1013892
        )

)

Array
(
    [file] => Array
        (
            [name] => hello.jpg
            [type] => image/jpg
            [tmp_name] => /tmp/phpOh2OgU
            [error] => 0
            [size] => 1028490
        )

)

Array
(
    [file] => Array
        (
            [name] => hello.jpg
            [type] => image/jpg
            [tmp_name] => /tmp/phpiKB5Pm
            [error] => 0
            [size] => 1008023
        )

)

Array
(
    [file] => Array
        (
            [name] => hello.jpg
            [type] => image/jpg
            [tmp_name] => /tmp/phpQ2wyvL
            [error] => 0
            [size] => 848638
        )

)

Array
(
    [nickname] => tttt
    [dob] => 2017-10-05
    [gender] => female
)

Array
(
    [file] => Array
        (
            [name] => hello.jpg
            [type] => image/jpg
            [tmp_name] => /tmp/phpbmZsX3
            [error] => 0
            [size] => 1321063
        )

)

Array
(
    [file] => Array
        (
            [name] => hello.jpg
            [type] => image/jpg
            [tmp_name] => /tmp/phpTsQqv1
            [error] => 0
            [size] => 1028490
        )

)

Array
(
    [file] => Array
        (
            [name] => hello.jpg
            [type] => image/jpg
            [tmp_name] => /tmp/phpdSNRjK
            [error] => 0
            [size] => 1008023
        )

)

Array
(
    [file] => Array
        (
            [name] => hello.jpg
            [type] => image/jpg
            [tmp_name] => /tmp/phphAoYXp
            [error] => 0
            [size] => 1013892
        )

)

Array
(
    [file] => Array
        (
            [name] => hello.jpg
            [type] => image/jpg
            [tmp_name] => /tmp/phpnJar8d
            [error] => 0
            [size] => 1028490
        )

)

Array
(
    [file] => Array
        (
            [name] => hello.jpg
            [type] => image/jpg
            [tmp_name] => /tmp/phpmCUxyb
            [error] => 0
            [size] => 1321063
        )

)

Array
(
    [file] => Array
        (
            [name] => hello.jpg
            [type] => image/jpg
            [tmp_name] => /tmp/phpGsJklP
            [error] => 0
            [size] => 1028490
        )

)

Array
(
    [file] => Array
        (
            [name] => hello.jpg
            [type] => image/jpg
            [tmp_name] => /tmp/phpHKVIbk
            [error] => 0
            [size] => 1321063
        )

)

Array
(
    [file] => Array
        (
            [name] => hello.jpg
            [type] => image/jpg
            [tmp_name] => /tmp/phpDu1Kjz
            [error] => 0
            [size] => 1028490
        )

)

Array
(
    [file] => Array
        (
            [name] => hello.jpg
            [type] => image/jpg
            [tmp_name] => /tmp/phpFLTIvQ
            [error] => 0
            [size] => 1321063
        )

)

Array
(
    [nickname] => angelo
    [dob] => 2017-11-03
    [gender] => female
)

Array
(
    [nickname] => Destroyer
    [dob] => 1991-11-06
    [gender] => female
)

Array
(
    [nickname] => Kenneth
    [dob] => 1991-01-19
    [gender] => female
)

Array
(
    [file] => Array
        (
            [name] => hello.jpg
            [type] => image/jpg
            [tmp_name] => /tmp/phpPkuBK6
            [error] => 0
            [size] => 1008023
        )

)

Array
(
    [nickname] => nick
    [dob] => 2017-09-10
    [gender] => male
)

Array
(
    [nickname] => Henneth_Test
    [dob] => 1991-01-07
    [gender] => female
)

2017-11-10 07:15:36
Google Login
2017-11-10 07:20:53
Google Login
2017-11-10 07:21:10
Google Login
Array
(
    [file] => Array
        (
            [name] => hello.jpg
            [type] => image/jpg
            [tmp_name] => /tmp/phpGsz1oP
            [error] => 0
            [size] => 536328
        )

)

Array
(
    [nickname] => abc
    [dob] => 2018-08-25
    [gender] => female
)

Array
(
    [file] => Array
        (
            [name] => hello.jpg
            [type] => image/jpg
            [tmp_name] => /tmp/phpIR7liE
            [error] => 0
            [size] => 847612
        )

)

